<?xml version="1.0" encoding="UTF-8"?>
<!-- Generated by org.testng.reporters.JUnitXMLReporter -->
<testsuite hostname="Sonali" ignored="0" tests="1" failures="0" timestamp="2021-11-20T22:37:16 EST" time="0.039" errors="0">
  <testcase name="@BeforeSuite setUpConfig" time="0.021" classname="Components.TestActions">
    <failure type="java.io.FileNotFoundException" message="C:\Users\S &amp;amp; K\FramworkPractice\src\test\resources\config.properties (The system cannot find the file specified)">
      <![CDATA[java.io.FileNotFoundException: C:\Users\S & K\FramworkPractice\src\test\resources\config.properties (The system cannot find the file specified)
at java.io.FileInputStream.open0(Native Method)
at java.io.FileInputStream.open(FileInputStream.java:195)
at java.io.FileInputStream.<init>(FileInputStream.java:138)
at Properties.PropertiesLoader.initializeProperties(PropertiesLoader.java:29)
at Components.TestActions.setUpConfig(TestActions.java:18)
... Removed 28 stack frames]]>
    </failure>
  </testcase> <!-- @BeforeSuite setUpConfig -->
  <testcase name="@BeforeMethod setUpBrowser" time="-1.637465835985E9" classname="Components.TestActions">
    <skipped/>
  </testcase> <!-- @BeforeMethod setUpBrowser -->
  <testcase name="@AfterMethod tearDownBrowser" time="-1.637465836001E9" classname="Components.TestActions">
    <skipped/>
  </testcase> <!-- @AfterMethod tearDownBrowser -->
  <testcase name="loadBrowserTest" time="0.0" classname="SampleTest">
    <skipped/>
  </testcase> <!-- loadBrowserTest -->
</testsuite>
