<?xml version="1.0" encoding="UTF-8"?>
<testng-results skipped="0" failed="0" ignored="0" total="2" passed="2">
  <reporter-output>
  </reporter-output>
  <suite name="DemoTest" duration-ms="97" started-at="2021-11-28T20:38:15 EST" finished-at="2021-11-28T20:38:15 EST">
    <groups>
    </groups>
    <test name="Command line test" duration-ms="97" started-at="2021-11-28T20:38:15 EST" finished-at="2021-11-28T20:38:15 EST">
      <class name="DemoTest">
        <test-method status="PASS" signature="demoTest(java.lang.String,java.lang.String)[pri:0, instance:DemoTest@e45f292]" name="demoTest" duration-ms="2" started-at="2021-11-28T20:38:15 EST" data-provider="jsonDataProvider" finished-at="2021-11-28T20:38:15 EST">
          <params>
            <param index="0">
              <value>
                <![CDATA[Admin]]>
              </value>
            </param>
            <param index="1">
              <value>
                <![CDATA[admin123]]>
              </value>
            </param>
          </params>
          <reporter-output>
          </reporter-output>
        </test-method> <!-- demoTest -->
        <test-method status="PASS" signature="demoTest(java.lang.String,java.lang.String)[pri:0, instance:DemoTest@e45f292]" name="demoTest" duration-ms="1" started-at="2021-11-28T20:38:15 EST" data-provider="jsonDataProvider" finished-at="2021-11-28T20:38:15 EST">
          <params>
            <param index="0">
              <value>
                <![CDATA[Admin]]>
              </value>
            </param>
            <param index="1">
              <value>
                <![CDATA[admin12345]]>
              </value>
            </param>
          </params>
          <reporter-output>
          </reporter-output>
        </test-method> <!-- demoTest -->
      </class> <!-- DemoTest -->
    </test> <!-- Command line test -->
  </suite> <!-- DemoTest -->
</testng-results>
